<?xml version="1.0" encoding="UTF-8"?>
<testsuite name="SeamlessStoreCard"
           tests="1"
           failures="1"
           errors="0"
           skipped="0"
           time="4.240">
  <properties />
            <testcase name="blackListedPhoneNoGlobal" time="4.240" classname="Test.AdminPanel.Filters.TestBlackListing">
                <failure type="org.openqa.selenium.NoSuchWindowException"
                  message="Window not found. The browser window may have been closed.
Command duration or timeout: 516 milliseconds
Build info: version: &apos;2.44.0&apos;, revision: &apos;76d78cf323ce037c5f92db6c1bba601c2ac43ad8&apos;, time: &apos;2014-10-23 13:11:40&apos;
System info: host: &apos;ShishirDwivedi&apos;, ip: &apos;192.168.1.101&apos;, os.name: &apos;Windows 7&apos;, os.arch: &apos;amd64&apos;, os.version: &apos;6.1&apos;, java.version: &apos;1.8.0_11&apos;
Driver info: org.openqa.selenium.firefox.FirefoxDriver
Capabilities [{applicationCacheEnabled=true, rotatable=false, handlesAlerts=true, databaseEnabled=true, version=29.0, platform=WINDOWS, browserConnectionEnabled=true, nativeEvents=false, acceptSslCerts=true, webStorageEnabled=true, locationContextEnabled=true, browserName=firefox, takesScreenshot=true, javascriptEnabled=true, cssSelectorsEnabled=true}]
Session ID: 541e5138-0e89-4e4b-9e65-c58d4552c7ed"
              >
<![CDATA[org.openqa.selenium.NoSuchWindowException: Window not found. The browser window may have been closed.
Command duration or timeout: 516 milliseconds
Build info: version: '2.44.0', revision: '76d78cf323ce037c5f92db6c1bba601c2ac43ad8', time: '2014-10-23 13:11:40'
System info: host: 'ShishirDwivedi', ip: '192.168.1.101', os.name: 'Windows 7', os.arch: 'amd64', os.version: '6.1', java.version: '1.8.0_11'
Driver info: org.openqa.selenium.firefox.FirefoxDriver
Capabilities [{applicationCacheEnabled=true, rotatable=false, handlesAlerts=true, databaseEnabled=true, version=29.0, platform=WINDOWS, browserConnectionEnabled=true, nativeEvents=false, acceptSslCerts=true, webStorageEnabled=true, locationContextEnabled=true, browserName=firefox, takesScreenshot=true, javascriptEnabled=true, cssSelectorsEnabled=true}]
Session ID: 541e5138-0e89-4e4b-9e65-c58d4552c7ed
  sun.reflect.NativeConstructorAccessorImpl.newInstance0(Native Method)
  sun.reflect.NativeConstructorAccessorImpl.newInstance(NativeConstructorAccessorImpl.java:62)
  sun.reflect.DelegatingConstructorAccessorImpl.newInstance(DelegatingConstructorAccessorImpl.java:45)
  java.lang.reflect.Constructor.newInstance(Constructor.java:408)
  org.openqa.selenium.remote.ErrorHandler.createThrowable(ErrorHandler.java:204)
  org.openqa.selenium.remote.ErrorHandler.throwIfResponseFailed(ErrorHandler.java:156)
  org.openqa.selenium.remote.RemoteWebDriver.execute(RemoteWebDriver.java:599)
  org.openqa.selenium.remote.RemoteWebDriver.get(RemoteWebDriver.java:304)
  Utils.Browser.navigateToURL(Browser.java:322)
  PageObject.AdminPanel.Home.AdminPage.<init>(AdminPage.java:23)
  Test.AdminPanel.Payments.TransactionHelper.DoLogin(TransactionHelper.java:142)
  PageObject.AdminPanel.Filters.RiskHomePage.getTransactionPage(RiskHomePage.java:153)
  Test.AdminPanel.Filters.TestBlackListing.blackListedPhoneNoGlobal(TestBlackListing.java:359)
  sun.reflect.NativeMethodAccessorImpl.invoke0(Native Method)
  sun.reflect.NativeMethodAccessorImpl.invoke(NativeMethodAccessorImpl.java:62)
  sun.reflect.DelegatingMethodAccessorImpl.invoke(DelegatingMethodAccessorImpl.java:43)
  java.lang.reflect.Method.invoke(Method.java:483)
  org.testng.internal.MethodInvocationHelper.invokeMethod(MethodInvocationHelper.java:84)
  org.testng.internal.InvokeMethodRunnable.runOne(InvokeMethodRunnable.java:46)
  org.testng.internal.InvokeMethodRunnable.run(InvokeMethodRunnable.java:37)
  java.util.concurrent.Executors$RunnableAdapter.call(Executors.java:511)
  java.util.concurrent.FutureTask.run(FutureTask.java:266)
  java.util.concurrent.ThreadPoolExecutor.runWorker(ThreadPoolExecutor.java:1142)
  java.util.concurrent.ThreadPoolExecutor$Worker.run(ThreadPoolExecutor.java:617)
  java.lang.Thread.run(Thread.java:745)
Caused by: org.openqa.selenium.NoSuchWindowException: Window not found. The browser window may have been closed.
Build info: version: '2.44.0', revision: '76d78cf323ce037c5f92db6c1bba601c2ac43ad8', time: '2014-10-23 13:11:40'
System info: host: 'ShishirDwivedi', ip: '192.168.1.101', os.name: 'Windows 7', os.arch: 'amd64', os.version: '6.1', java.version: '1.8.0_11'
Driver info: driver.version: unknown
  <anonymous class>.nsCommandProcessor.prototype.execute(file:///C:/Users/SHISHI~1.DWI/AppData/Local/Temp/anonymous530206056237637319webdriver-profile/extensions/fxdriver@googlecode.com/components/command-processor.js:11706)
  <anonymous class>.Dispatcher.executeAs/<(file:///C:/Users/SHISHI~1.DWI/AppData/Local/Temp/anonymous530206056237637319webdriver-profile/extensions/fxdriver@googlecode.com/components/driver-component.js:8437)
  <anonymous class>.Resource.prototype.handle(file:///C:/Users/SHISHI~1.DWI/AppData/Local/Temp/anonymous530206056237637319webdriver-profile/extensions/fxdriver@googlecode.com/components/driver-component.js:8584)
  <anonymous class>.Dispatcher.prototype.dispatch(file:///C:/Users/SHISHI~1.DWI/AppData/Local/Temp/anonymous530206056237637319webdriver-profile/extensions/fxdriver@googlecode.com/components/driver-component.js:8531)
  <anonymous class>.WebDriverServer/<.handle(file:///C:/Users/SHISHI~1.DWI/AppData/Local/Temp/anonymous530206056237637319webdriver-profile/extensions/fxdriver@googlecode.com/components/driver-component.js:11489)
  <anonymous class>.createHandlerFunc/<(file:///C:/Users/SHISHI~1.DWI/AppData/Local/Temp/anonymous530206056237637319webdriver-profile/extensions/fxdriver@googlecode.com/components/httpd.js:1935)
  <anonymous class>.ServerHandler.prototype.handleResponse(file:///C:/Users/SHISHI~1.DWI/AppData/Local/Temp/anonymous530206056237637319webdriver-profile/extensions/fxdriver@googlecode.com/components/httpd.js:2261)
  <anonymous class>.Connection.prototype.process(file:///C:/Users/SHISHI~1.DWI/AppData/Local/Temp/anonymous530206056237637319webdriver-profile/extensions/fxdriver@googlecode.com/components/httpd.js:1168)
  <anonymous class>.RequestReader.prototype._handleResponse(file:///C:/Users/SHISHI~1.DWI/AppData/Local/Temp/anonymous530206056237637319webdriver-profile/extensions/fxdriver@googlecode.com/components/httpd.js:1616)
  <anonymous class>.RequestReader.prototype._processBody(file:///C:/Users/SHISHI~1.DWI/AppData/Local/Temp/anonymous530206056237637319webdriver-profile/extensions/fxdriver@googlecode.com/components/httpd.js:1464)
  <anonymous class>.RequestReader.prototype.onInputStreamReady(file:///C:/Users/SHISHI~1.DWI/AppData/Local/Temp/anonymous530206056237637319webdriver-profile/extensions/fxdriver@googlecode.com/components/httpd.js:1333)
]]>
      </failure>

          </testcase>
  
  
  
</testsuite>
