<?xml version="1.0" encoding="UTF-8"?>
<!-- Generated by org.testng.reporters.JUnitXMLReporter -->
<testsuite hostname="ShishirDwivedi" name="TestTransaction Seamless RSA" tests="1" failures="1" timestamp="11 Nov 2014 06:34:00 GMT" time="81.892" errors="0">
  <testcase name="test_CC_RSA" time="66.783" classname="Test.AdminPanel.Payments.TestSeamlessRSA">
    <failure type="java.lang.AssertionError" message="expected [true] but found [false]">
      <![CDATA[java.lang.AssertionError: expected [true] but found [false]
	at Test.AdminPanel.Payments.TestSeamlessRSA.test_CC_RSA(TestSeamlessRSA.java:41)
	at java.util.concurrent.Executors$RunnableAdapter.call(Executors.java:511)
	at java.util.concurrent.FutureTask.run(FutureTask.java:266)
	at java.util.concurrent.ThreadPoolExecutor.runWorker(ThreadPoolExecutor.java:1142)
	at java.util.concurrent.ThreadPoolExecutor$Worker.run(ThreadPoolExecutor.java:617)
	at java.lang.Thread.run(Thread.java:745)
... Removed 11 stack frames]]>
    </failure>
  </testcase> <!-- test_CC_RSA -->
</testsuite> <!-- TestTransaction Seamless RSA -->
