<?xml version="1.0" encoding="UTF-8"?>
<testng-results skipped="0" failed="1" total="1" passed="0">
  <reporter-output>
    <line>
      <![CDATA[<font color='Black'>Read the configuration file:-C:\PayuAutomation\automation\Product\Parameters\Config.properties</font></br>]]>
    </line>
    <line>
      <![CDATA[<font color='Black'>Read the environment file:-C:\PayuAutomation\automation\Product\Parameters\PPReplicaRelease.properties</font></br>]]>
    </line>
    <line>
      <![CDATA[<font color='Black'>Test data sheet is:-C:\PayuAutomation\automation\Product\Parameters\ProductTestData.xls</font></br>]]>
    </line>
    <line>
      <![CDATA[<font color='Black'>Checkout page is:-C:\PayuAutomation\automation\Product\Parameters\README_InputFile.txt</font></br>]]>
    </line>
    <line>
      <![CDATA[<font color='Black'>Results Directory is:-C:\PayuAutomation\automation\Product\test-output</font></br>]]>
    </line>
    <line>
      <![CDATA[<font color='Green'><B>Test 'Test.AdminPanel.Filters.TestBlackListing.blackListedPhoneNoGlobal' Started on '2014-11-12 16:29:16'</B></font></br>]]>
    </line>
    <line>
      <![CDATA[<font color='Black'>Launching 'firefox' browser</font></br>]]>
    </line>
    <line>
      <![CDATA[<font color='Black'>Wait for '2' seconds</font></br>]]>
    </line>
    <line>
      <![CDATA[<font color='Black'>Get TestData Excel:-'ProductTestData.xls', Sheet:- 'PaymentType'</font></br>]]>
    </line>
    <line>
      <![CDATA[<font color='Black'>Get TestData Excel:-'ProductTestData.xls', Sheet:- 'TransactionDetails'</font></br>]]>
    </line>
    <line>
      <![CDATA[<font color='Black'>Navigate to web page- 'https://admin.payu.in/home'</font></br>]]>
    </line>
    <line>
      <![CDATA[<font color='Black'>Added the cookie - Name: 'test_name' Value: 'Test.AdminPanel.Filters.TestBlackListing.blackListedPhoneNoGlobal' Domain: '.payu.in' Expiry: 'Thu Nov 13 16:30:43 IST 2014'</font></br>]]>
    </line>
    <line>
      <![CDATA[<font color='Black'>Wait for page load by waiting for element [oxy element for: org.openqa.selenium.support.pagefactory.DefaultElementLocator@3e6b22df</font></br>]]>
    </line>
    <line>
      <![CDATA[<font color='Black'><B>Page URL</B>:- https://admin.payu.in/home</font></br>]]>
    </line>
    <line>
      <![CDATA[<font color='Black'><B>Screenshot</B>:- <a href=html/2014-11-12_16-32-44_Test.AdminPanel.Filters.TestBlackListing.blackListedPhoneNoGlobal.png target='_blank' >2014-11-12_16-32-44_Test.AdminPanel.Filters.TestBlackListing.blackListedPhoneNoGlobal.png</a></font></br>]]>
    </line>
    <line>
      <![CDATA[<font color='Black'><B>Page URL</B>:- https://admin.payu.in/home</font></br>]]>
    </line>
    <line>
      <![CDATA[<font color='Black'><B>Screenshot</B>:- <a href=html/2014-11-12_16-32-46_Test.AdminPanel.Filters.TestBlackListing.blackListedPhoneNoGlobal.png target='_blank' >2014-11-12_16-32-46_Test.AdminPanel.Filters.TestBlackListing.blackListedPhoneNoGlobal.png</a></font></br>]]>
    </line>
    <line>
      <![CDATA[<font color='Black'>Close the current browser window</font></br>]]>
    </line>
    <line>
      <![CDATA[<font color='Black'>Quit the browser</font></br>]]>
    </line>
  </reporter-output>
  <suite name="Product Automation" duration-ms="214102" started-at="2014-11-12T10:59:16Z" finished-at="2014-11-12T11:02:51Z">
    <groups>
      <group name="1">
        <method signature="TestBlackListing.blackListedPhoneNoGlobal(Utils.Config)[pri:0, instance:Test.AdminPanel.Filters.TestBlackListing@174d20a]" name="blackListedPhoneNoGlobal" class="Test.AdminPanel.Filters.TestBlackListing"/>
      </group> <!-- 1 -->
    </groups>
    <test name="SeamlessStoreCard" duration-ms="214102" started-at="2014-11-12T10:59:16Z" finished-at="2014-11-12T11:02:51Z">
      <class name="Test.AdminPanel.Filters.TestBlackListing">
        <test-method status="PASS" signature="InitializeParameters(java.lang.String, java.lang.String, java.lang.String)[pri:0, instance:Test.AdminPanel.Filters.TestBlackListing@174d20a]" name="InitializeParameters" is-config="true" duration-ms="32" started-at="2014-11-12T16:29:16Z" finished-at="2014-11-12T16:29:16Z">
          <params>
            <param index="0">
              <value is-null="true"/>
            </param>
            <param index="1">
              <value is-null="true"/>
            </param>
            <param index="2">
              <value is-null="true"/>
            </param>
          </params>
          <reporter-output>
          </reporter-output>
        </test-method> <!-- InitializeParameters -->
        <test-method status="PASS" signature="init()[pri:0, instance:Test.AdminPanel.Filters.TestBlackListing@174d20a]" name="init" is-config="true" duration-ms="31" started-at="2014-11-12T16:30:06Z" finished-at="2014-11-12T16:30:06Z">
          <reporter-output>
          </reporter-output>
        </test-method> <!-- init -->
        <test-method status="FAIL" signature="blackListedPhoneNoGlobal(Utils.Config)[pri:0, instance:Test.AdminPanel.Filters.TestBlackListing@174d20a]" name="blackListedPhoneNoGlobal" duration-ms="160342" started-at="2014-11-12T16:30:06Z" description=" Verify that a phone Number gets blacklisted for global scope" data-provider="GetTestConfig" finished-at="2014-11-12T16:32:46Z">
          <params>
            <param index="0">
              <value>
                <![CDATA[Utils.Config@7fd7a283]]>
              </value>
            </param>
          </params>
          <exception class="org.openqa.selenium.TimeoutException">
            <message>
              <![CDATA[Timed out after 40 seconds waiting for visibility of Proxy element for: org.openqa.selenium.support.pagefactory.DefaultElementLocator@3e6b22df
Build info: version: '2.44.0', revision: '76d78cf323ce037c5f92db6c1bba601c2ac43ad8', time: '2014-10-23 13:11:40'
System info: host: 'ShishirDwivedi', ip: '10.100.80.56', os.name: 'Windows 7', os.arch: 'amd64', os.version: '6.1', java.version: '1.8.0_11'
Driver info: org.openqa.selenium.firefox.FirefoxDriver
Capabilities [{applicationCacheEnabled=true, rotatable=false, handlesAlerts=true, databaseEnabled=true, version=29.0, platform=WINDOWS, browserConnectionEnabled=true, nativeEvents=false, acceptSslCerts=true, webStorageEnabled=true, locationContextEnabled=true, browserName=firefox, takesScreenshot=true, javascriptEnabled=true, cssSelectorsEnabled=true}]
Session ID: f3e7d879-330d-4240-a3db-1c04bcfe20eb]]>
            </message>
            <full-stacktrace>
              <![CDATA[org.openqa.selenium.TimeoutException: Timed out after 40 seconds waiting for visibility of Proxy element for: org.openqa.selenium.support.pagefactory.DefaultElementLocator@3e6b22df
Build info: version: '2.44.0', revision: '76d78cf323ce037c5f92db6c1bba601c2ac43ad8', time: '2014-10-23 13:11:40'
System info: host: 'ShishirDwivedi', ip: '10.100.80.56', os.name: 'Windows 7', os.arch: 'amd64', os.version: '6.1', java.version: '1.8.0_11'
Driver info: org.openqa.selenium.firefox.FirefoxDriver
Capabilities [{applicationCacheEnabled=true, rotatable=false, handlesAlerts=true, databaseEnabled=true, version=29.0, platform=WINDOWS, browserConnectionEnabled=true, nativeEvents=false, acceptSslCerts=true, webStorageEnabled=true, locationContextEnabled=true, browserName=firefox, takesScreenshot=true, javascriptEnabled=true, cssSelectorsEnabled=true}]
Session ID: f3e7d879-330d-4240-a3db-1c04bcfe20eb
	at org.openqa.selenium.support.ui.WebDriverWait.timeoutException(WebDriverWait.java:79)
	at org.openqa.selenium.support.ui.FluentWait.until(FluentWait.java:228)
	at Utils.Browser.waitForPageLoad(Browser.java:563)
	at PageObject.AdminPanel.Home.AdminPage.<init>(AdminPage.java:26)
	at Test.AdminPanel.Payments.TransactionHelper.DoLogin(TransactionHelper.java:142)
	at PageObject.AdminPanel.Filters.RiskHomePage.getTransactionPage(RiskHomePage.java:153)
	at Test.AdminPanel.Filters.TestBlackListing.blackListedPhoneNoGlobal(TestBlackListing.java:359)
	at sun.reflect.NativeMethodAccessorImpl.invoke0(Native Method)
	at sun.reflect.NativeMethodAccessorImpl.invoke(NativeMethodAccessorImpl.java:62)
	at sun.reflect.DelegatingMethodAccessorImpl.invoke(DelegatingMethodAccessorImpl.java:43)
	at java.lang.reflect.Method.invoke(Method.java:483)
	at org.testng.internal.MethodInvocationHelper.invokeMethod(MethodInvocationHelper.java:84)
	at org.testng.internal.InvokeMethodRunnable.runOne(InvokeMethodRunnable.java:46)
	at org.testng.internal.InvokeMethodRunnable.run(InvokeMethodRunnable.java:37)
	at java.util.concurrent.Executors$RunnableAdapter.call(Executors.java:511)
	at java.util.concurrent.FutureTask.run(FutureTask.java:266)
	at java.util.concurrent.ThreadPoolExecutor.runWorker(ThreadPoolExecutor.java:1142)
	at java.util.concurrent.ThreadPoolExecutor$Worker.run(ThreadPoolExecutor.java:617)
	at java.lang.Thread.run(Thread.java:745)
Caused by: org.openqa.selenium.NoSuchElementException: Unable to locate element: {"method":"link text","selector":"Admin Login"}
Command duration or timeout: 30.07 seconds
For documentation on this error, please visit: http://seleniumhq.org/exceptions/no_such_element.html
Build info: version: '2.44.0', revision: '76d78cf323ce037c5f92db6c1bba601c2ac43ad8', time: '2014-10-23 13:11:40'
System info: host: 'ShishirDwivedi', ip: '10.100.80.56', os.name: 'Windows 7', os.arch: 'amd64', os.version: '6.1', java.version: '1.8.0_11'
Driver info: org.openqa.selenium.firefox.FirefoxDriver
Capabilities [{applicationCacheEnabled=true, rotatable=false, handlesAlerts=true, databaseEnabled=true, version=29.0, platform=WINDOWS, browserConnectionEnabled=true, nativeEvents=false, acceptSslCerts=true, webStorageEnabled=true, locationContextEnabled=true, browserName=firefox, takesScreenshot=true, javascriptEnabled=true, cssSelectorsEnabled=true}]
Session ID: f3e7d879-330d-4240-a3db-1c04bcfe20eb
	at sun.reflect.NativeConstructorAccessorImpl.newInstance0(Native Method)
	at sun.reflect.NativeConstructorAccessorImpl.newInstance(NativeConstructorAccessorImpl.java:62)
	at sun.reflect.DelegatingConstructorAccessorImpl.newInstance(DelegatingConstructorAccessorImpl.java:45)
	at java.lang.reflect.Constructor.newInstance(Constructor.java:408)
	at org.openqa.selenium.remote.ErrorHandler.createThrowable(ErrorHandler.java:204)
	at org.openqa.selenium.remote.ErrorHandler.throwIfResponseFailed(ErrorHandler.java:156)
	at org.openqa.selenium.remote.RemoteWebDriver.execute(RemoteWebDriver.java:599)
	at org.openqa.selenium.remote.RemoteWebDriver.findElement(RemoteWebDriver.java:352)
	at org.openqa.selenium.remote.RemoteWebDriver.findElementByLinkText(RemoteWebDriver.java:401)
	at org.openqa.selenium.By$ByLinkText.findElement(By.java:242)
	at org.openqa.selenium.remote.RemoteWebDriver.findElement(RemoteWebDriver.java:344)
	at org.openqa.selenium.support.pagefactory.DefaultElementLocator.findElement(DefaultElementLocator.java:59)
	at org.openqa.selenium.support.pagefactory.internal.LocatingElementHandler.invoke(LocatingElementHandler.java:37)
	at com.sun.proxy.$Proxy9.isDisplayed(Unknown Source)
	at org.openqa.selenium.support.ui.ExpectedConditions.elementIfVisible(ExpectedConditions.java:227)
	at org.openqa.selenium.support.ui.ExpectedConditions.access$100(ExpectedConditions.java:39)
	at org.openqa.selenium.support.ui.ExpectedConditions$7.apply(ExpectedConditions.java:213)
	at org.openqa.selenium.support.ui.ExpectedConditions$7.apply(ExpectedConditions.java:210)
	at org.openqa.selenium.support.ui.FluentWait.until(FluentWait.java:208)
	... 17 more
Caused by: org.openqa.selenium.NoSuchElementException: Unable to locate element: {"method":"link text","selector":"Admin Login"}
For documentation on this error, please visit: http://seleniumhq.org/exceptions/no_such_element.html
Build info: version: '2.44.0', revision: '76d78cf323ce037c5f92db6c1bba601c2ac43ad8', time: '2014-10-23 13:11:40'
System info: host: 'ShishirDwivedi', ip: '10.100.80.56', os.name: 'Windows 7', os.arch: 'amd64', os.version: '6.1', java.version: '1.8.0_11'
Driver info: driver.version: unknown
	at <anonymous class>.FirefoxDriver.prototype.findElementInternal_(file:///C:/Users/SHISHI~1.DWI/AppData/Local/Temp/anonymous6064035135120183765webdriver-profile/extensions/fxdriver@googlecode.com/components/driver-component.js:9641)
	at <anonymous class>.fxdriver.Timer.prototype.setTimeout/<.notify(file:///C:/Users/SHISHI~1.DWI/AppData/Local/Temp/anonymous6064035135120183765webdriver-profile/extensions/fxdriver@googlecode.com/components/driver-component.js:548)
]]>
            </full-stacktrace>
          </exception> <!-- org.openqa.selenium.TimeoutException -->
          <reporter-output>
            <line>
              <![CDATA[<font color='Black'>Wait for '2' seconds</font></br>]]>
            </line>
            <line>
              <![CDATA[<font color='Black'>Get TestData Excel:-'ProductTestData.xls', Sheet:- 'PaymentType'</font></br>]]>
            </line>
            <line>
              <![CDATA[<font color='Black'>Get TestData Excel:-'ProductTestData.xls', Sheet:- 'TransactionDetails'</font></br>]]>
            </line>
            <line>
              <![CDATA[<font color='Black'>Navigate to web page- 'https://admin.payu.in/home'</font></br>]]>
            </line>
            <line>
              <![CDATA[<font color='Black'>Added the cookie - Name: 'test_name' Value: 'Test.AdminPanel.Filters.TestBlackListing.blackListedPhoneNoGlobal' Domain: '.payu.in' Expiry: 'Thu Nov 13 16:30:43 IST 2014'</font></br>]]>
            </line>
            <line>
              <![CDATA[<font color='Black'>Wait for page load by waiting for element [oxy element for: org.openqa.selenium.support.pagefactory.DefaultElementLocator@3e6b22df</font></br>]]>
            </line>
            <line>
              <![CDATA[<font color='Black'><B>Page URL</B>:- https://admin.payu.in/home</font></br>]]>
            </line>
            <line>
              <![CDATA[<font color='Black'><B>Screenshot</B>:- <a href=html/2014-11-12_16-32-44_Test.AdminPanel.Filters.TestBlackListing.blackListedPhoneNoGlobal.png target='_blank' >2014-11-12_16-32-44_Test.AdminPanel.Filters.TestBlackListing.blackListedPhoneNoGlobal.png</a></font></br>]]>
            </line>
          </reporter-output>
        </test-method> <!-- blackListedPhoneNoGlobal -->
        <test-method status="PASS" signature="tearDown(org.testng.ITestResult)[pri:0, instance:Test.AdminPanel.Filters.TestBlackListing@174d20a]" name="tearDown" is-config="true" duration-ms="4368" started-at="2014-11-12T16:32:46Z" finished-at="2014-11-12T16:32:51Z">
          <params>
            <param index="0">
              <value>
                <![CDATA[[TestResult name=blackListedPhoneNoGlobal status=FAILURE method=TestBlackListing.blackListedPhoneNoGlobal(Utils.Config)[pri:0, instance:Test.AdminPanel.Filters.TestBlackListing@174d20a] output=<font color='Black'>Wait for '2' seconds</font></br>]]]>
              </value>
            </param>
          </params>
          <reporter-output>
            <line>
              <![CDATA[<font color='Black'><B>Page URL</B>:- https://admin.payu.in/home</font></br>]]>
            </line>
            <line>
              <![CDATA[<font color='Black'><B>Screenshot</B>:- <a href=html/2014-11-12_16-32-46_Test.AdminPanel.Filters.TestBlackListing.blackListedPhoneNoGlobal.png target='_blank' >2014-11-12_16-32-46_Test.AdminPanel.Filters.TestBlackListing.blackListedPhoneNoGlobal.png</a></font></br>]]>
            </line>
            <line>
              <![CDATA[<font color='Black'>Close the current browser window</font></br>]]>
            </line>
            <line>
              <![CDATA[<font color='Black'>Quit the browser</font></br>]]>
            </line>
          </reporter-output>
        </test-method> <!-- tearDown -->
      </class> <!-- Test.AdminPanel.Filters.TestBlackListing -->
    </test> <!-- SeamlessStoreCard -->
  </suite> <!-- Product Automation -->
</testng-results>
