<!DOCTYPE html PUBLIC "-//W3C//DTD XHTML 1.1//EN" "http://www.w3.org/TR/xhtml11/DTD/xhtml11.dtd">
<html xmlns="http://www.w3.org/1999/xhtml"><head><title>TestNG Report</title><style type="text/css">table {margin-bottom:10px;border-collapse:collapse;empty-cells:show}th,td {border:1px solid #009;padding:.25em .5em}th {vertical-align:bottom}td {vertical-align:top}table a {font-weight:bold}.stripe td {background-color: #E6EBF9}.num {text-align:right}.passedodd td {background-color: #3F3}.passedeven td {background-color: #0A0}.skippedodd td {background-color: #DDD}.skippedeven td {background-color: #CCC}.failedodd td,.attn {background-color: #F33}.failedeven td,.stripe .attn {background-color: #D00}.stacktrace {white-space:pre;font-family:monospace}.totop {font-size:85%;text-align:center;border-bottom:2px solid #000}</style></head><body><table><tr><th>Test</th><th># Passed</th><th># Skipped</th><th># Failed</th><th>Time (ms)</th><th>Included Groups</th><th>Excluded Groups</th></tr><tr><th colspan="7">Product Automation</th></tr><tr><td><a href="#t0">SeamlessStoreCard</a></td><td class="num">0</td><td class="num">0</td><td class="num attn">1</td><td class="num">334,094</td><td></td><td>none</td></tr></table><table><thead><tr><th>Class</th><th>Method</th><th>Start</th><th>Time (ms)</th></tr></thead><tbody><tr><th colspan="4">Product Automation</th></tr></tbody><tbody id="t0"><tr><th colspan="4">SeamlessStoreCard &#8212; failed (configuration methods)</th></tr><tr class="failedeven"><td rowspan="1">Test.AdminPanel.Filters.TestBlackListing</td><td><a href="#m0">tearDown</a></td><td rowspan="1">1415699580258</td><td rowspan="1">0</td></tr><tr><th colspan="4">SeamlessStoreCard &#8212; failed</th></tr><tr class="failedeven"><td rowspan="1">Test.AdminPanel.Filters.TestBlackListing</td><td><a href="#m1">blackListedPhoneNoGlobal</a></td><td rowspan="1">1415699580243</td><td rowspan="1">0</td></tr></tbody></table><h2>SeamlessStoreCard</h2><h3 id="m0">Test.AdminPanel.Filters.TestBlackListing#tearDown</h3><table class="result"><tr><th>Exception</th></tr><tr><td><div class="stacktrace">java.lang.AssertionError: The following asserts failed:
&lt;font color=&apos;Red&apos;&gt;Browser could not be opened&lt;/font&gt;&lt;/br&gt;This is generated by soft asset
	at Utils.TestBase.tearDown(TestBase.java:132)
... Removed 29 stack frames</div></td></tr></table><p class="totop"><a href="#summary">back to summary</a></p><h3 id="m1">Test.AdminPanel.Filters.TestBlackListing#blackListedPhoneNoGlobal</h3><table class="result"><tr><th>Exception</th></tr><tr><td><div class="stacktrace">java.lang.RuntimeException: java.lang.AssertionError: Ending execution in the middle!
Caused by: java.lang.AssertionError: Ending execution in the middle!
	at Utils.Log.Fail(Log.java:66)
	at Utils.Config.logFail(Config.java:286)
	at Utils.Config.openBrowser(Config.java:385)
	at Utils.TestBase.GetTestConfig(TestBase.java:41)
	... 26 more
... Removed 34 stack frames</div></td></tr></table><p class="totop"><a href="#summary">back to summary</a></p></body></html>