<html>
<head>
<title>TestNG:  SeamlessStoreCard</title>
<link href="../testng.css" rel="stylesheet" type="text/css" />
<link href="../my-testng.css" rel="stylesheet" type="text/css" />

<style type="text/css">
.log { display: none;} 
.stack-trace { display: none;} 
</style>
<script type="text/javascript">
<!--
function flip(e) {
  current = e.style.display;
  if (current == 'block') {
    e.style.display = 'none';
    return 0;
  }
  else {
    e.style.display = 'block';
    return 1;
  }
}

function toggleBox(szDivId, elem, msg1, msg2)
{
  var res = -1;  if (document.getElementById) {
    res = flip(document.getElementById(szDivId));
  }
  else if (document.all) {
    // this is the way old msie versions work
    res = flip(document.all[szDivId]);
  }
  if(elem) {
    if(res == 0) elem.innerHTML = msg1; else elem.innerHTML = msg2;
  }

}

function toggleAllBoxes() {
  if (document.getElementsByTagName) {
    d = document.getElementsByTagName('div');
    for (i = 0; i < d.length; i++) {
      if (d[i].className == 'log') {
        flip(d[i]);
      }
    }
  }
}

// -->
</script>

</head>
<body>
<h2 align='center'>SeamlessStoreCard</h2><table border='1' align="center">
<tr>
<td>Tests passed/Failed/Skipped:</td><td>0/1/0</td>
</tr><tr>
<td>Started on:</td><td>Tue Nov 11 14:22:56 IST 2014</td>
</tr>
<tr><td>Total time:</td><td>66 seconds (66083 ms)</td>
</tr><tr>
<td>Included groups:</td><td></td>
</tr><tr>
<td>Excluded groups:</td><td>none </td>
</tr>
</table><p/>
<small><i>(Hover the method name to see the test class name)</i></small><p/>
<table width='100%' border='1' class='invocation-failed'>
<tr><td colspan='4' align='center'><b>FAILED CONFIGURATIONS</b></td></tr>
<tr><td><b>Test method</b></td>
<td width="30%"><b>Exception</b></td>
<td width="10%"><b>Time (seconds)</b></td>
<td><b>Instance</b></td>
</tr>
<tr>
<td title='Test.AdminPanel.Filters.TestBlackListing.tearDown()'><b>tearDown</b><br>Test class: Test.AdminPanel.Filters.TestBlackListing</td>
<td><div><pre>java.lang.AssertionError: The following asserts failed:
&lt;font color=&apos;Red&apos;&gt;Expected &apos;Response Param &apos;PG_TYPE&apos;&apos; was :-&apos;&apos;. But actual is &apos;HDFCPG&apos;&lt;/font&gt;&lt;/br&gt;This is generated by soft asset, &lt;font color=&apos;Red&apos;&gt;Failed to verify Test Response&lt;/font&gt;&lt;/br&gt;This is generated by soft asset, &lt;font color=&apos;Red&apos;&gt;java.lang.AssertionError: The following asserts failed:
&lt;font color=&apos;Red&apos;&gt;Expected &apos;Response Param &apos;PG_TYPE&apos;&apos; was :-&apos;&apos;. But actual is &apos;HDFCPG&apos;&lt;/font&gt;&lt;/br&gt;This is generated by soft asset, &lt;font color=&apos;Red&apos;&gt;Failed to verify Test Response&lt;/font&gt;&lt;/br&gt;This is generated by soft asset&lt;/font&gt;&lt;/br&gt;This is generated by soft asset, &lt;font color=&apos;Red&apos;&gt;&lt;B&gt;Failure occured in test &apos;Test.AdminPanel.Filters.TestBlackListing.blackListedPhoneNoGlobal&apos; Ended on &apos;2014-11-11 14:24:01&apos;&lt;/B&gt;&lt;/font&gt;&lt;/br&gt;This is generated by soft asset
	at Utils.TestBase.tearDown(TestBase.java:132)
... Removed 29 stack frames</pre></div><a href='#' onClick='toggleBox("stack-trace177140066", this, "Click to show all stack frames", "Click to hide stack frames")'>Click to show all stack frames</a>
<div class='stack-trace' id='stack-trace177140066'><pre>java.lang.AssertionError: The following asserts failed:
&lt;font color=&apos;Red&apos;&gt;Expected &apos;Response Param &apos;PG_TYPE&apos;&apos; was :-&apos;&apos;. But actual is &apos;HDFCPG&apos;&lt;/font&gt;&lt;/br&gt;This is generated by soft asset, &lt;font color=&apos;Red&apos;&gt;Failed to verify Test Response&lt;/font&gt;&lt;/br&gt;This is generated by soft asset, &lt;font color=&apos;Red&apos;&gt;java.lang.AssertionError: The following asserts failed:
&lt;font color=&apos;Red&apos;&gt;Expected &apos;Response Param &apos;PG_TYPE&apos;&apos; was :-&apos;&apos;. But actual is &apos;HDFCPG&apos;&lt;/font&gt;&lt;/br&gt;This is generated by soft asset, &lt;font color=&apos;Red&apos;&gt;Failed to verify Test Response&lt;/font&gt;&lt;/br&gt;This is generated by soft asset&lt;/font&gt;&lt;/br&gt;This is generated by soft asset, &lt;font color=&apos;Red&apos;&gt;&lt;B&gt;Failure occured in test &apos;Test.AdminPanel.Filters.TestBlackListing.blackListedPhoneNoGlobal&apos; Ended on &apos;2014-11-11 14:24:01&apos;&lt;/B&gt;&lt;/font&gt;&lt;/br&gt;This is generated by soft asset
	at org.testng.asserts.SoftAssert.assertAll(SoftAssert.java:38)
	at Utils.TestBase.tearDown(TestBase.java:132)
	at sun.reflect.NativeMethodAccessorImpl.invoke0(Native Method)
	at sun.reflect.NativeMethodAccessorImpl.invoke(NativeMethodAccessorImpl.java:62)
	at sun.reflect.DelegatingMethodAccessorImpl.invoke(DelegatingMethodAccessorImpl.java:43)
	at java.lang.reflect.Method.invoke(Method.java:483)
	at org.testng.internal.MethodInvocationHelper.invokeMethod(MethodInvocationHelper.java:84)
	at org.testng.internal.Invoker.invokeConfigurationMethod(Invoker.java:564)
	at org.testng.internal.Invoker.invokeConfigurations(Invoker.java:213)
	at org.testng.internal.Invoker.invokeConfigurations(Invoker.java:138)
	at org.testng.TestRunner.afterRun(TestRunner.java:1014)
	at org.testng.TestRunner.run(TestRunner.java:621)
	at org.testng.SuiteRunner.runTest(SuiteRunner.java:334)
	at org.testng.SuiteRunner.runSequentially(SuiteRunner.java:329)
	at org.testng.SuiteRunner.privateRun(SuiteRunner.java:291)
	at org.testng.SuiteRunner.run(SuiteRunner.java:240)
	at org.testng.SuiteRunnerWorker.runSuite(SuiteRunnerWorker.java:52)
	at org.testng.SuiteRunnerWorker.run(SuiteRunnerWorker.java:86)
	at org.testng.TestNG.runSuitesSequentially(TestNG.java:1224)
	at org.testng.TestNG.runSuitesLocally(TestNG.java:1149)
	at org.testng.TestNG.run(TestNG.java:1057)
	at org.apache.maven.surefire.testng.TestNGExecutor.run(TestNGExecutor.java:74)
	at org.apache.maven.surefire.testng.TestNGXmlTestSuite.execute(TestNGXmlTestSuite.java:92)
	at org.apache.maven.surefire.Surefire.run(Surefire.java:180)
	at sun.reflect.NativeMethodAccessorImpl.invoke0(Native Method)
	at sun.reflect.NativeMethodAccessorImpl.invoke(NativeMethodAccessorImpl.java:62)
	at sun.reflect.DelegatingMethodAccessorImpl.invoke(DelegatingMethodAccessorImpl.java:43)
	at java.lang.reflect.Method.invoke(Method.java:483)
	at org.apache.maven.surefire.booter.SurefireBooter.runSuitesInProcess(SurefireBooter.java:350)
	at org.apache.maven.surefire.booter.SurefireBooter.main(SurefireBooter.java:1021)
</pre></div></td>
<td>0</td>
<td>null</td></tr>
</table><p>
<table width='100%' border='1' class='invocation-failed'>
<tr><td colspan='4' align='center'><b>FAILED TESTS</b></td></tr>
<tr><td><b>Test method</b></td>
<td width="30%"><b>Exception</b></td>
<td width="10%"><b>Time (seconds)</b></td>
<td><b>Instance</b></td>
</tr>
<tr>
<td title='Test.AdminPanel.Filters.TestBlackListing.blackListedPhoneNoGlobal()'><b>blackListedPhoneNoGlobal</b><br>Test class: Test.AdminPanel.Filters.TestBlackListing<br>Test method:  Verify that a phone Number gets blacklisted for global scope<br>Parameters: Utils.Config@22f59fa<br/>
<a href="#Output-536857376" onClick='toggleBox("Output-536857376", this, "Show output", "Hide output");'>Show output</a>

<a href="#Output-536857376" onClick="toggleAllBoxes();">Show all outputs</a>
<div class='log' id="Output-536857376">
<font color='Black'>Wait for '2' seconds</font></br><br/>
<font color='Black'>Get TestData Excel:-'ProductTestData.xls', Sheet:- 'PaymentType'</font></br><br/>
<font color='Black'>Get TestData Excel:-'ProductTestData.xls', Sheet:- 'TransactionDetails'</font></br><br/>
<font color='Black'>Navigate to web page- 'https://admin.payu.in/home'</font></br><br/>
<font color='Black'>Added the cookie - Name: 'test_name' Value: 'Test.AdminPanel.Filters.TestBlackListing.blackListedPhoneNoGlobal' Domain: '.payu.in' Expiry: 'Wed Nov 12 14:23:12 IST 2014'</font></br><br/>
<font color='Black'>Wait for page load by waiting for element [link text: Admin Login]</font></br><br/>
<font color='Black'>Click on 'Admin Login link'</font></br><br/>
<font color='Black'>Wait for page load by waiting for element [id: username]</font></br><br/>
<font color='Black'>Enter the User name as 'qc2'</font></br><br/>
<font color='Black'>Enter the Password as 'Password2'</font></br><br/>
<font color='Black'>Click on 'Submit Button'</font></br><br/>
<font color='Black'>Wait for page load by waiting for element [link text: Test Transaction]</font></br><br/>
<font color='Black'>Navigate to web page- 'https://admin.payu.in/home'</font></br><br/>
<font color='Black'>Added the cookie - Name: 'test_name' Value: 'Test.AdminPanel.Filters.TestBlackListing.blackListedPhoneNoGlobal' Domain: '.payu.in' Expiry: 'Wed Nov 12 14:23:15 IST 2014'</font></br><br/>
<font color='Black'>Wait for page load by waiting for element [link text: Test Transaction]</font></br><br/>
<font color='Black'>Click on 'Test Transaction Link'</font></br><br/>
<font color='Black'>Wait for page load by waiting for element [name: amount]</font></br><br/>
<font color='Black'>Get TestData Excel:-'ProductTestData.xls', Sheet:- 'SQL'</font></br><br/>
<font color='Black'>Executing the query - 'SELECT * FROM filter WHERE id=132;'</font></br><br/>
<font color='Black'>Connecting to OFFLINE db:-jdbc:mysql://10.50.23.45/payu</font></br><br/>
<font color='Black'>Connection succeeded</font></br><br/>
<font color='Black'>Get TestData Excel:-'ProductTestData.xls', Sheet:- 'TransactionDetails'</font></br><br/>
<font color='Black'>Click on 'Merchant Drop Down'</font></br><br/>
<font color='Black'>Wait for '1' seconds</font></br><br/>
<font color='Black'>Enter the Search Merchant Key as ' - c3l7Yw'</font></br><br/>
<font color='Black'>Wait for '2' seconds</font></br><br/>
<font color='Black'>Get the WebElement with xPath://label/span[contains(text(),' - c3l7Yw')]</font></br><br/>
<font color='Black'>Click on 'Merchant'</font></br><br/>
<font color='Black'>Enter the Amount as '10.00'</font></br><br/>
<font color='Black'>Enter the Phone as '9000000001'</font></br><br/>
<font color='Black'>Submit 'Transaction'</font></br><br/>
<font color='Black'>Wait for page load by waiting for element [xpath: //p[@id='amountdiv']/span]</font></br><br/>
<font color='Black'>Click on 'Credit Card Tab'</font></br><br/>
<font color='Black'>Wait for page load by waiting for element [id: cname_on_card]</font></br><br/>
<font color='Black'>Get TestData Excel:-'ProductTestData.xls', Sheet:- 'CardDetails'</font></br><br/>
<font color='Black'>Enter the Name on Card as 'Test Card'</font></br><br/>
<font color='Black'>Enter the Card Number as '5'</font></br><br/>
<font color='Black'>Enter the Card Number as '1'</font></br><br/>
<font color='Black'>Enter the Card Number as '2'</font></br><br/>
<font color='Black'>Enter the Card Number as '3'</font></br><br/>
<font color='Black'>Enter the Card Number as '4'</font></br><br/>
<font color='Black'>Enter the Card Number as '5'</font></br><br/>
<font color='Black'>Enter the Card Number as '6'</font></br><br/>
<font color='Black'>Enter the Card Number as '7'</font></br><br/>
<font color='Black'>Enter the Card Number as '8'</font></br><br/>
<font color='Black'>Enter the Card Number as '9'</font></br><br/>
<font color='Black'>Enter the Card Number as '0'</font></br><br/>
<font color='Black'>Enter the Card Number as '1'</font></br><br/>
<font color='Black'>Enter the Card Number as '2'</font></br><br/>
<font color='Black'>Enter the Card Number as '3'</font></br><br/>
<font color='Black'>Enter the Card Number as '4'</font></br><br/>
<font color='Black'>Enter the Card Number as '6'</font></br><br/>
<font color='Black'>Enter the CVV as '123'</font></br><br/>
<font color='Black'>Select the Expiry month dropdown value '05'</font></br><br/>
<font color='Black'>Select the Expiry year dropdown value '2017'</font></br><br/>
<font color='Black'>Click on 'Pay Now'</font></br><br/>
<font color='Black'>Wait for '15' seconds</font></br><br/>
<font color='Black'>Wait for page load by waiting for element [tag name: pre]</font></br><br/>
<font color='Black'>Get TestData Excel:-'ProductTestData.xls', Sheet:- 'TransactionDetails'</font></br><br/>
<font color='Black'>Get TestData Excel:-'ProductTestData.xls', Sheet:- 'PaymentType'</font></br><br/>
<font color='Green'>Verified 'Count of Response Parameters' as :-'50'</font></br><br/>
<font color='Black'>Get TestData Excel:-'ProductTestData.xls', Sheet:- 'TestResponse'</font></br><br/>
<font color='Black'>Get TestData Excel:-'ProductTestData.xls', Sheet:- 'SQL'</font></br><br/>
<font color='Black'>Executing the query - 'select max(id) as mihpayid, merchantid, bank_ref_no as bank_ref_num, field9 as field9 from transaction where txnid = 'ed0e55217d5b84541dcb';'</font></br><br/>
<font color='Black'>Connecting to OFFLINE db:-jdbc:mysql://10.50.23.45/payu</font></br><br/>
<font color='Black'>Connection succeeded</font></br><br/>
<font color='Black'>Get TestData Excel:-'ProductTestData.xls', Sheet:- 'SQL'</font></br><br/>
<font color='Black'>Executing the query - 'select card_token from txn_info where payu_id='403993715510380008';'</font></br><br/>
<font color='Black'>Connecting to OFFLINE db:-jdbc:mysql://10.50.23.45/payu</font></br><br/>
<font color='Black'>Connection succeeded</font></br><br/>
<font color='Green'>Verified 'Response Param 'amount'' as :-'10.00'</font></br><br/>
<font color='Black'>Get TestData Excel:-'ProductTestData.xls', Sheet:- 'PGInfo'</font></br><br/>
<font color='Green'>Verified 'Response Param 'mode'' as :-'CC'</font></br><br/>
<font color='Green'>Verified 'Response Param 'phone'' as :-'9000000001'</font></br><br/>
<font color='Orange'>Skipping the verification of Response Param 'productinfo' as 'Product Info'</font></br><br/>
<font color='Orange'>Skipping the verification of Response Param 'discount' as '0.00'</font></br><br/>
<font color='Green'>Verified 'Response Param 'addedon'' as :-'2014-11-11 14:23:24'</font></br><br/>
<font color='Green'>Verified 'Response Param 'unmappedstatus'' as :-'failed'</font></br><br/>
<font color='Green'>Verified 'Response Param 'mihpayid'' as :-'403993715510380008'</font></br><br/>
<font color='Orange'>Skipping the verification of Response Param 'address2' as ''</font></br><br/>
<font color='Orange'>Skipping the verification of Response Param 'address1' as ''</font></br><br/>
<font color='Orange'>Skipping the verification of Response Param 'city' as ''</font></br><br/>
<font color='Green'>Verified 'Response Param 'key'' as :-'c3l7Yw'</font></br><br/>
<font color='Green'>Verified 'Response Param 'bank_ref_num'' as :-''</font></br><br/>
<font color='Green'>Verified 'Response Param 'txnid'' as :-'ed0e55217d5b84541dcb'</font></br><br/>
<font color='Orange'>Skipping the verification of Response Param 'email' as 'test@example.com'</font></br><br/>
<font color='Green'>Verified 'Response Param 'bankcode'' as :-'CC'</font></br><br/>
<font color='Green'>Verified 'Response Param 'error'' as :-'E307'</font></br><br/>
<font color='Green'>Verified 'Response Param 'error_Message'' as :-'Bank denied transaction due to risk'</font></br><br/>
<font color='Orange'>Skipping the verification of Response Param 'udf1' as ''</font></br><br/>
<font color='Orange'>Skipping the verification of Response Param 'udf2' as ''</font></br><br/>
<font color='Orange'>Skipping the verification of Response Param 'udf3' as ''</font></br><br/>
<font color='Orange'>Skipping the verification of Response Param 'udf4' as ''</font></br><br/>
<font color='Orange'>Skipping the verification of Response Param 'udf5' as ''</font></br><br/>
<font color='Green'>Verified 'Response Param 'udf6'' as :-''</font></br><br/>
<font color='Green'>Verified 'Response Param 'udf7'' as :-''</font></br><br/>
<font color='Green'>Verified 'Response Param 'udf8'' as :-''</font></br><br/>
<font color='Green'>Verified 'Response Param 'udf9'' as :-''</font></br><br/>
<font color='Green'>Verified 'Response Param 'udf10'' as :-''</font></br><br/>
<font color='Green'>Verified 'Response Param 'status'' as :-'failure'</font></br><br/>
<font color='Green'>Verified 'Response Param 'cardhash'' as :-'This field is no longer supported in postback params.'</font></br><br/>
<font color='Orange'>Skipping the verification of Response Param 'cardnum' as '512345XXXXXX2346'</font></br><br/>
<font color='Orange'>Skipping the verification of Response Param 'lastname' as ''</font></br><br/>
<font color='Orange'>Skipping the verification of Response Param 'field1' as ''</font></br><br/>
<font color='Orange'>Skipping the verification of Response Param 'field2' as ''</font></br><br/>
<font color='Orange'>Skipping the verification of Response Param 'field3' as ''</font></br><br/>
<font color='Orange'>Skipping the verification of Response Param 'field4' as ''</font></br><br/>
<font color='Orange'>Skipping the verification of Response Param 'field5' as ''</font></br><br/>
<font color='Orange'>Skipping the verification of Response Param 'field6' as ''</font></br><br/>
<font color='Orange'>Skipping the verification of Response Param 'field7' as ''</font></br><br/>
<font color='Orange'>Skipping the verification of Response Param 'field8' as ''</font></br><br/>
<font color='Orange'>Skipping the verification of Response Param 'field9' as 'Transaction denied due to blacklisted parameters.'</font></br><br/>
<font color='Orange'>Skipping the verification of Response Param 'country' as ''</font></br><br/>
<font color='Orange'>Skipping the verification of Response Param 'hash' as '53167528f20e2a50ca0cafa7c0b17c50cabbb72dc6bd3b9fb0519a50e8232ec6d748c517f733b60e0c23ac17df769b0f4f42b608c2168aa39ec5bbd02658711f'</font></br><br/>
<font color='Orange'>Skipping the verification of Response Param 'firstname' as 'Payu-Admin'</font></br><br/>
<font color='Orange'>Skipping the verification of Response Param 'zipcode' as ''</font></br><br/>
<font color='Orange'>Skipping the verification of Response Param 'state' as ''</font></br><br/>
<font color='Orange'>Skipping the verification of Response Param 'name_on_card' as 'Test Card'</font></br><br/>
<font color='Green'>Verified 'Response Param 'net_amount_debit'' as :-'0.00'</font></br><br/>
<font color='Orange'>Skipping the verification of Response Param 'payment_source' as 'payu'</font></br><br/>
<font color='Black'><B>Page URL</B>:- https://admin.payu.in/test_response</font></br><br/>
<font color='Black'><B>Screenshot</B>:- <a href=html/2014-11-11_14-23-59_Test.AdminPanel.Filters.TestBlackListing.blackListedPhoneNoGlobal.png target='_blank' >2014-11-11_14-23-59_Test.AdminPanel.Filters.TestBlackListing.blackListedPhoneNoGlobal.png</a></font></br><br/>
<font color='Black'>Get TestData Excel:-'ProductTestData.xls', Sheet:- 'SQL'</font></br><br/>
<font color='Black'>Executing the query - 'SELECT * FROM filterLog WHERE txnid='403993715510380008';'</font></br><br/>
<font color='Black'>Connecting to OFFLINE db:-jdbc:mysql://10.50.23.45/payu</font></br><br/>
<font color='Black'>Connection succeeded</font></br><br/>
Filter Rule was Executed and an entry has been created in the DB<br/>
</div>
</td>
<td><div><pre>java.lang.AssertionError: The following asserts failed:
&lt;font color=&apos;Red&apos;&gt;Expected &apos;Response Param &apos;PG_TYPE&apos;&apos; was :-&apos;&apos;. But actual is &apos;HDFCPG&apos;&lt;/font&gt;&lt;/br&gt;This is generated by soft asset, &lt;font color=&apos;Red&apos;&gt;Failed to verify Test Response&lt;/font&gt;&lt;/br&gt;This is generated by soft asset
	at Test.AdminPanel.Filters.TestBlackListing.blackListedPhoneNoGlobal(TestBlackListing.java:389)
	at java.util.concurrent.Executors$RunnableAdapter.call(Executors.java:511)
	at java.util.concurrent.FutureTask.run(FutureTask.java:266)
	at java.util.concurrent.ThreadPoolExecutor.runWorker(ThreadPoolExecutor.java:1142)
	at java.util.concurrent.ThreadPoolExecutor$Worker.run(ThreadPoolExecutor.java:617)
	at java.lang.Thread.run(Thread.java:745)
... Removed 8 stack frames</pre></div><a href='#' onClick='toggleBox("stack-trace536857376", this, "Click to show all stack frames", "Click to hide stack frames")'>Click to show all stack frames</a>
<div class='stack-trace' id='stack-trace536857376'><pre>java.lang.AssertionError: The following asserts failed:
&lt;font color=&apos;Red&apos;&gt;Expected &apos;Response Param &apos;PG_TYPE&apos;&apos; was :-&apos;&apos;. But actual is &apos;HDFCPG&apos;&lt;/font&gt;&lt;/br&gt;This is generated by soft asset, &lt;font color=&apos;Red&apos;&gt;Failed to verify Test Response&lt;/font&gt;&lt;/br&gt;This is generated by soft asset
	at org.testng.asserts.SoftAssert.assertAll(SoftAssert.java:38)
	at Test.AdminPanel.Filters.TestBlackListing.blackListedPhoneNoGlobal(TestBlackListing.java:389)
	at sun.reflect.NativeMethodAccessorImpl.invoke0(Native Method)
	at sun.reflect.NativeMethodAccessorImpl.invoke(NativeMethodAccessorImpl.java:62)
	at sun.reflect.DelegatingMethodAccessorImpl.invoke(DelegatingMethodAccessorImpl.java:43)
	at java.lang.reflect.Method.invoke(Method.java:483)
	at org.testng.internal.MethodInvocationHelper.invokeMethod(MethodInvocationHelper.java:84)
	at org.testng.internal.InvokeMethodRunnable.runOne(InvokeMethodRunnable.java:46)
	at org.testng.internal.InvokeMethodRunnable.run(InvokeMethodRunnable.java:37)
	at java.util.concurrent.Executors$RunnableAdapter.call(Executors.java:511)
	at java.util.concurrent.FutureTask.run(FutureTask.java:266)
	at java.util.concurrent.ThreadPoolExecutor.runWorker(ThreadPoolExecutor.java:1142)
	at java.util.concurrent.ThreadPoolExecutor$Worker.run(ThreadPoolExecutor.java:617)
	at java.lang.Thread.run(Thread.java:745)
</pre></div></td>
<td>56</td>
<td>Test.AdminPanel.Filters.TestBlackListing@66d2e7d9</td></tr>
</table><p>
</body>
</html>