<!DOCTYPE html PUBLIC "-//W3C//DTD XHTML 1.1//EN" "http://www.w3.org/TR/xhtml11/DTD/xhtml11.dtd">
<html xmlns="http://www.w3.org/1999/xhtml"><head><title>TestNG Report</title><style type="text/css">table {margin-bottom:10px;border-collapse:collapse;empty-cells:show}th,td {border:1px solid #009;padding:.25em .5em}th {vertical-align:bottom}td {vertical-align:top}table a {font-weight:bold}.stripe td {background-color: #E6EBF9}.num {text-align:right}.passedodd td {background-color: #3F3}.passedeven td {background-color: #0A0}.skippedodd td {background-color: #DDD}.skippedeven td {background-color: #CCC}.failedodd td,.attn {background-color: #F33}.failedeven td,.stripe .attn {background-color: #D00}.stacktrace {white-space:pre;font-family:monospace}.totop {font-size:85%;text-align:center;border-bottom:2px solid #000}</style></head><body><table><tr><th>Test</th><th># Passed</th><th># Skipped</th><th># Failed</th><th>Time (ms)</th><th>Included Groups</th><th>Excluded Groups</th></tr><tr><th colspan="7">Product Automation</th></tr><tr><td><a href="#t0">SeamlessStoreCard</a></td><td class="num">0</td><td class="num">0</td><td class="num attn">1</td><td class="num">150,531</td><td></td><td></td></tr></table><table><thead><tr><th>Class</th><th>Method</th><th>Start</th><th>Time (ms)</th></tr></thead><tbody><tr><th colspan="4">Product Automation</th></tr></tbody><tbody id="t0"><tr><th colspan="4">SeamlessStoreCard &#8212; failed</th></tr><tr class="failedeven"><td rowspan="1">Test.AdminPanel.Filters.TestBlackListing</td><td><a href="#m0">blackListedPhoneNoGlobal</a></td><td rowspan="1">1415790635829</td><td rowspan="1">128158</td></tr></tbody></table><h2>SeamlessStoreCard</h2><h3 id="m0">Test.AdminPanel.Filters.TestBlackListing#blackListedPhoneNoGlobal</h3><table class="result"><tr class="param"><th>Parameter #1</th></tr><tr class="param stripe"><td>Utils.Config@7fd7a283</td></tr><tr><th>Messages</th></tr><tr><td><div class="messages">&lt;font color=&apos;Black&apos;&gt;Wait for &apos;2&apos; seconds&lt;/font&gt;&lt;/br&gt;<br/>&lt;font color=&apos;Black&apos;&gt;Get TestData Excel:-&apos;ProductTestData.xls&apos;, Sheet:- &apos;PaymentType&apos;&lt;/font&gt;&lt;/br&gt;<br/>&lt;font color=&apos;Black&apos;&gt;Get TestData Excel:-&apos;ProductTestData.xls&apos;, Sheet:- &apos;TransactionDetails&apos;&lt;/font&gt;&lt;/br&gt;<br/>&lt;font color=&apos;Black&apos;&gt;Navigate to web page- &apos;https://admin.payu.in/home&apos;&lt;/font&gt;&lt;/br&gt;<br/>&lt;font color=&apos;Black&apos;&gt;Added the cookie - Name: &apos;test_name&apos; Value: &apos;Test.AdminPanel.Filters.TestBlackListing.blackListedPhoneNoGlobal&apos; Domain: &apos;.payu.in&apos; Expiry: &apos;Thu Nov 13 16:41:03 IST 2014&apos;&lt;/font&gt;&lt;/br&gt;<br/>&lt;font color=&apos;Black&apos;&gt;Wait for page load by waiting for element [oxy element for: org.openqa.selenium.support.pagefactory.DefaultElementLocator@48efc601&lt;/font&gt;&lt;/br&gt;<br/>&lt;font color=&apos;Black&apos;&gt;&lt;B&gt;Page URL&lt;/B&gt;:- https://admin.payu.in/home&lt;/font&gt;&lt;/br&gt;<br/>&lt;font color=&apos;Black&apos;&gt;&lt;B&gt;Screenshot&lt;/B&gt;:- &lt;a href=html/2014-11-12_16-42-40_Test.AdminPanel.Filters.TestBlackListing.blackListedPhoneNoGlobal.png target=&apos;_blank&apos; &gt;2014-11-12_16-42-40_Test.AdminPanel.Filters.TestBlackListing.blackListedPhoneNoGlobal.png&lt;/a&gt;&lt;/font&gt;&lt;/br&gt;</div></td></tr><tr><th>Exception</th></tr><tr><td><div class="stacktrace">org.openqa.selenium.TimeoutException: Timed out after 40 seconds waiting for visibility of [[FirefoxDriver: firefox on WINDOWS (ccfc8164-ac1e-47c2-a78f-9212365fb922)] -&gt; link text: Admin Login]
Build info: version: &apos;2.44.0&apos;, revision: &apos;76d78cf323ce037c5f92db6c1bba601c2ac43ad8&apos;, time: &apos;2014-10-23 13:11:40&apos;
System info: host: &apos;ShishirDwivedi&apos;, ip: &apos;10.50.6.155&apos;, os.name: &apos;Windows 7&apos;, os.arch: &apos;amd64&apos;, os.version: &apos;6.1&apos;, java.version: &apos;1.8.0_11&apos;
Driver info: org.openqa.selenium.firefox.FirefoxDriver
Capabilities [{applicationCacheEnabled=true, rotatable=false, handlesAlerts=true, databaseEnabled=true, version=29.0, platform=WINDOWS, browserConnectionEnabled=true, nativeEvents=false, acceptSslCerts=true, webStorageEnabled=true, locationContextEnabled=true, browserName=firefox, takesScreenshot=true, javascriptEnabled=true, cssSelectorsEnabled=true}]
Session ID: ccfc8164-ac1e-47c2-a78f-9212365fb922
	at org.openqa.selenium.support.ui.WebDriverWait.timeoutException(WebDriverWait.java:79)
	at org.openqa.selenium.support.ui.FluentWait.until(FluentWait.java:228)
	at Utils.Browser.waitForPageLoad(Browser.java:563)
	at PageObject.AdminPanel.Home.AdminPage.&lt;init&gt;(AdminPage.java:26)
	at Test.AdminPanel.Payments.TransactionHelper.DoLogin(TransactionHelper.java:142)
	at PageObject.AdminPanel.Filters.RiskHomePage.getTransactionPage(RiskHomePage.java:153)
	at Test.AdminPanel.Filters.TestBlackListing.blackListedPhoneNoGlobal(TestBlackListing.java:359)
	at java.util.concurrent.Executors$RunnableAdapter.call(Executors.java:511)
	at java.util.concurrent.FutureTask.run(FutureTask.java:266)
	at java.util.concurrent.ThreadPoolExecutor.runWorker(ThreadPoolExecutor.java:1142)
	at java.util.concurrent.ThreadPoolExecutor$Worker.run(ThreadPoolExecutor.java:617)
	at java.lang.Thread.run(Thread.java:745)
Caused by: org.openqa.selenium.NoSuchElementException: Unable to locate element: {&quot;method&quot;:&quot;link text&quot;,&quot;selector&quot;:&quot;Admin Login&quot;}
Command duration or timeout: 51.91 seconds
For documentation on this error, please visit: http://seleniumhq.org/exceptions/no_such_element.html
Build info: version: &apos;2.44.0&apos;, revision: &apos;76d78cf323ce037c5f92db6c1bba601c2ac43ad8&apos;, time: &apos;2014-10-23 13:11:40&apos;
System info: host: &apos;ShishirDwivedi&apos;, ip: &apos;10.50.6.155&apos;, os.name: &apos;Windows 7&apos;, os.arch: &apos;amd64&apos;, os.version: &apos;6.1&apos;, java.version: &apos;1.8.0_11&apos;
Driver info: org.openqa.selenium.firefox.FirefoxDriver
Capabilities [{applicationCacheEnabled=true, rotatable=false, handlesAlerts=true, databaseEnabled=true, version=29.0, platform=WINDOWS, browserConnectionEnabled=true, nativeEvents=false, acceptSslCerts=true, webStorageEnabled=true, locationContextEnabled=true, browserName=firefox, takesScreenshot=true, javascriptEnabled=true, cssSelectorsEnabled=true}]
Session ID: ccfc8164-ac1e-47c2-a78f-9212365fb922
	at org.openqa.selenium.remote.ErrorHandler.createThrowable(ErrorHandler.java:204)
	at org.openqa.selenium.remote.ErrorHandler.throwIfResponseFailed(ErrorHandler.java:156)
	at org.openqa.selenium.remote.RemoteWebDriver.execute(RemoteWebDriver.java:599)
	at org.openqa.selenium.remote.RemoteWebDriver.findElement(RemoteWebDriver.java:352)
	at org.openqa.selenium.remote.RemoteWebDriver.findElementByLinkText(RemoteWebDriver.java:401)
	at org.openqa.selenium.By$ByLinkText.findElement(By.java:242)
	at org.openqa.selenium.remote.RemoteWebDriver.findElement(RemoteWebDriver.java:344)
	at org.openqa.selenium.support.pagefactory.DefaultElementLocator.findElement(DefaultElementLocator.java:59)
	at org.openqa.selenium.support.pagefactory.internal.LocatingElementHandler.invoke(LocatingElementHandler.java:37)
	at com.sun.proxy.$Proxy9.isDisplayed(Unknown Source)
	at org.openqa.selenium.support.ui.ExpectedConditions.elementIfVisible(ExpectedConditions.java:227)
	at org.openqa.selenium.support.ui.ExpectedConditions.access$100(ExpectedConditions.java:39)
	at org.openqa.selenium.support.ui.ExpectedConditions$7.apply(ExpectedConditions.java:213)
	at org.openqa.selenium.support.ui.ExpectedConditions$7.apply(ExpectedConditions.java:210)
	at org.openqa.selenium.support.ui.FluentWait.until(FluentWait.java:208)
	... 17 more
Caused by: org.openqa.selenium.NoSuchElementException: Unable to locate element: {&quot;method&quot;:&quot;link text&quot;,&quot;selector&quot;:&quot;Admin Login&quot;}
For documentation on this error, please visit: http://seleniumhq.org/exceptions/no_such_element.html
Build info: version: &apos;2.44.0&apos;, revision: &apos;76d78cf323ce037c5f92db6c1bba601c2ac43ad8&apos;, time: &apos;2014-10-23 13:11:40&apos;
System info: host: &apos;ShishirDwivedi&apos;, ip: &apos;10.50.6.155&apos;, os.name: &apos;Windows 7&apos;, os.arch: &apos;amd64&apos;, os.version: &apos;6.1&apos;, java.version: &apos;1.8.0_11&apos;
Driver info: driver.version: unknown
	at &lt;anonymous class&gt;.FirefoxDriver.prototype.findElementInternal_(file:///C:/Users/SHISHI~1.DWI/AppData/Local/Temp/anonymous8500641563700541164webdriver-profile/extensions/fxdriver@googlecode.com/components/driver-component.js:9641)
	at &lt;anonymous class&gt;.fxdriver.Timer.prototype.setTimeout/&lt;.notify(file:///C:/Users/SHISHI~1.DWI/AppData/Local/Temp/anonymous8500641563700541164webdriver-profile/extensions/fxdriver@googlecode.com/components/driver-component.js:548)
... Removed 11 stack frames</div></td></tr></table><p class="totop"><a href="#summary">back to summary</a></p></body></html>